---------------------------------------
Resource Usage Report for rv32i 

Mapping to part: ice40hx8kct256
Cell usage:
GND             29 uses
SB_CARRY        506 uses
SB_DFF          146 uses
SB_DFFE         349 uses
SB_DFFESR       22 uses
SB_DFFN         67 uses
SB_DFFNE        34 uses
SB_DFFNSR       18 uses
SB_DFFSR        120 uses
SB_GB           6 uses
SB_RAM1024x4    2 uses
SB_RAM256x16NR  9 uses
SB_RAM512x8     6 uses
VCC             29 uses
SB_LUT4         3065 uses

I/O ports: 49
I/O primitives: 49
SB_GB_IO       1 use
SB_IO          48 uses

I/O Register bits:                  0
Register bits not including I/Os:   756 (9%)

RAM/ROM usage summary
Block Rams : 17 of 32 (53%)


@S |Mapping Summary:
Total  LUTs: 3065 (39%)

Distribution of All Consumed LUTs = LUT4 
Distribution of All Consumed Luts 3065 = 3065 

